c:\users\jcoellohernandez\desktop\pacman-vs2015 (1)\pacman\pacman\release\vc143.pdb
c:\users\jcoellohernandez\desktop\pacman-vs2015 (1)\pacman\pacman\release\world.obj
c:\users\jcoellohernandez\desktop\pacman-vs2015 (1)\pacman\pacman\release\vector2f.obj
c:\users\jcoellohernandez\desktop\pacman-vs2015 (1)\pacman\pacman\release\staticgameentity.obj
c:\users\jcoellohernandez\desktop\pacman-vs2015 (1)\pacman\pacman\release\pathmaptile.obj
c:\users\jcoellohernandez\desktop\pacman-vs2015 (1)\pacman\pacman\release\pacman.obj
c:\users\jcoellohernandez\desktop\pacman-vs2015 (1)\pacman\pacman\release\movablegameentity.obj
c:\users\jcoellohernandez\desktop\pacman-vs2015 (1)\pacman\pacman\release\main.obj
c:\users\jcoellohernandez\desktop\pacman-vs2015 (1)\pacman\pacman\release\ghost.obj
c:\users\jcoellohernandez\desktop\pacman-vs2015 (1)\pacman\pacman\release\gameentity.obj
c:\users\jcoellohernandez\desktop\pacman-vs2015 (1)\pacman\pacman\release\drawer.obj
c:\users\jcoellohernandez\desktop\pacman-vs2015 (1)\pacman\pacman\release\dot.obj
c:\users\jcoellohernandez\desktop\pacman-vs2015 (1)\pacman\pacman\release\cherry.obj
c:\users\jcoellohernandez\desktop\pacman-vs2015 (1)\pacman\pacman\release\bigdot.obj
c:\users\jcoellohernandez\desktop\pacman-vs2015 (1)\pacman\pacman\release\avatar.obj
c:\users\jcoellohernandez\desktop\pacman-vs2015 (1)\pacman\release\pacman.exe
c:\users\jcoellohernandez\desktop\pacman-vs2015 (1)\pacman\pacman\release\pacman.ipdb
c:\users\jcoellohernandez\desktop\pacman-vs2015 (1)\pacman\pacman\release\pacman.iobj
c:\users\jcoellohernandez\desktop\pacman-vs2015 (1)\pacman\release\pacman.pdb
c:\users\jcoellohernandez\desktop\pacman-vs2015 (1)\pacman\pacman\release\pacman.tlog\cl.command.1.tlog
c:\users\jcoellohernandez\desktop\pacman-vs2015 (1)\pacman\pacman\release\pacman.tlog\cl.read.1.tlog
c:\users\jcoellohernandez\desktop\pacman-vs2015 (1)\pacman\pacman\release\pacman.tlog\cl.write.1.tlog
c:\users\jcoellohernandez\desktop\pacman-vs2015 (1)\pacman\pacman\release\pacman.tlog\link.command.1.tlog
c:\users\jcoellohernandez\desktop\pacman-vs2015 (1)\pacman\pacman\release\pacman.tlog\link.read.1.tlog
c:\users\jcoellohernandez\desktop\pacman-vs2015 (1)\pacman\pacman\release\pacman.tlog\link.write.1.tlog
